<?xml version="1.0" encoding="UTF-8"?>
<testng-results skipped="0" failed="0" ignored="0" total="1" passed="1">
  <reporter-output>
    <line>
      <![CDATA[<br>App launched</br><br><a href='D:\workspace\Amazon-MobileTesting\reports\images\872959614.jpg'> <img src='D:\workspace\Amazon-MobileTesting\reports\images\872959614.jpg' height='300' width='200'/> </a><br>]]>
    </line>
    <line>
      <![CDATA[<br>Login Page displayed</br><br><a href='D:\workspace\Amazon-MobileTesting\reports\images\80124346.jpg'> <img src='D:\workspace\Amazon-MobileTesting\reports\images\80124346.jpg' height='300' width='200'/> </a><br>]]>
    </line>
    <line>
      <![CDATA[<br>Logged in successfully</br><br><a href='D:\workspace\Amazon-MobileTesting\reports\images\719654931.jpg'> <img src='D:\workspace\Amazon-MobileTesting\reports\images\719654931.jpg' height='300' width='200'/> </a><br>]]>
    </line>
    <line>
      <![CDATA[<br>Cart items deleted</br><br><a href='D:\workspace\Amazon-MobileTesting\reports\images\433344686.jpg'> <img src='D:\workspace\Amazon-MobileTesting\reports\images\433344686.jpg' height='300' width='200'/> </a><br>]]>
    </line>
    <line>
      <![CDATA[<br>Product searched</br><br><a href='D:\workspace\Amazon-MobileTesting\reports\images\234233035.jpg'> <img src='D:\workspace\Amazon-MobileTesting\reports\images\234233035.jpg' height='300' width='200'/> </a><br>]]>
    </line>
    <line>
      <![CDATA[<br>Product Name search page :Women's Horlicks Health and Nutrition drink - 400g Pet Jar (Chocolate flavor)</br>]]>
    </line>
    <line>
      <![CDATA[<br>Product Price search page :₹295</br>]]>
    </line>
    <line>
      <![CDATA[<br>Product details page displayed</br><br><a href='D:\workspace\Amazon-MobileTesting\reports\images\103059010.jpg'> <img src='D:\workspace\Amazon-MobileTesting\reports\images\103059010.jpg' height='300' width='200'/> </a><br>]]>
    </line>
    <line>
      <![CDATA[<br>Product name PDP page : Women's Horlicks Health and Nutrition drink - 400g Pet Jar (Chocolate flavor)</br>]]>
    </line>
    <line>
      <![CDATA[<br>Product price PDP page : ₹295</br>]]>
    </line>
    <line>
      <![CDATA[<br>Product quantity PDP page : 1</br>]]>
    </line>
    <line>
      <![CDATA[<br>Shopping cart page displayed</br><br><a href='D:\workspace\Amazon-MobileTesting\reports\images\727434405.jpg'> <img src='D:\workspace\Amazon-MobileTesting\reports\images\727434405.jpg' height='300' width='200'/> </a><br>]]>
    </line>
    <line>
      <![CDATA[<br>Product name shopping cart : Women's Horlicks Health and Nutrition drink - 400g Pet Jar (Choc...</br>]]>
    </line>
    <line>
      <![CDATA[<br>Product price shopping cart : ₹295</br>]]>
    </line>
    <line>
      <![CDATA[<br>Product quantity shopping cart : 1</br>]]>
    </line>
    <line>
      <![CDATA[<br>Checkout page displayed</br><br><a href='D:\workspace\Amazon-MobileTesting\reports\images\48620138.jpg'> <img src='D:\workspace\Amazon-MobileTesting\reports\images\48620138.jpg' height='300' width='200'/> </a><br>]]>
    </line>
    <line>
      <![CDATA[<br>Product name checkout page : Women's Horlicks Health and Nutrition drink - 400g Pet Jar (Chocolate flavor)</br>]]>
    </line>
    <line>
      <![CDATA[<br>Product price checkout page : ₹295</br>]]>
    </line>
    <line>
      <![CDATA[<br>Product quantity checkout page : 1</br>]]>
    </line>
  </reporter-output>
  <suite name="Suite" duration-ms="432732" started-at="2020-04-13T16:53:36 IST" finished-at="2020-04-13T17:00:49 IST">
    <groups>
    </groups>
    <test name="Android Test 1" duration-ms="432732" started-at="2020-04-13T16:53:36 IST" finished-at="2020-04-13T17:00:49 IST">
      <class name="testcases.AmazonAndroid">
        <test-method status="PASS" signature="beforeSuite()[pri:0, instance:testcases.AmazonAndroid@93fb0a2c]" name="beforeSuite" is-config="true" duration-ms="189" started-at="2020-04-13T16:53:36 IST" finished-at="2020-04-13T16:53:36 IST">
          <reporter-output>
          </reporter-output>
        </test-method> <!-- beforeSuite -->
        <test-method status="PASS" signature="setData(java.lang.String, java.lang.String, java.lang.String, java.lang.String, java.lang.String, java.lang.String, java.lang.String, java.lang.String)[pri:0, instance:testcases.AmazonAndroid@93fb0a2c]" name="setData" is-config="true" duration-ms="5" started-at="2020-04-13T16:53:36 IST" finished-at="2020-04-13T16:53:36 IST">
          <params>
            <param index="0">
              <value>
                <![CDATA[appium]]>
              </value>
            </param>
            <param index="1">
              <value>
                <![CDATA[android]]>
              </value>
            </param>
            <param index="2">
              <value>
                <![CDATA[9]]>
              </value>
            </param>
            <param index="3">
              <value>
                <![CDATA[Avon Samsung Galaxy S8]]>
              </value>
            </param>
            <param index="4">
              <value>
                <![CDATA[ce11171bf27b483902]]>
              </value>
            </param>
            <param index="5">
              <value>
                <![CDATA[WSJ App]]>
              </value>
            </param>
            <param index="6">
              <value>
                <![CDATA[4723]]>
              </value>
            </param>
            <param index="7">
              <value>
                <![CDATA[8200]]>
              </value>
            </param>
          </params>
          <reporter-output>
          </reporter-output>
        </test-method> <!-- setData -->
        <test-method status="PASS" signature="beforeMethod()[pri:0, instance:testcases.AmazonAndroid@93fb0a2c]" name="beforeMethod" is-config="true" duration-ms="48565" started-at="2020-04-13T16:53:36 IST" finished-at="2020-04-13T16:54:25 IST">
          <reporter-output>
          </reporter-output>
        </test-method> <!-- beforeMethod -->
        <test-method status="PASS" signature="Amazon_Login_And_Place_Order_TC001()[pri:1, instance:testcases.AmazonAndroid@93fb0a2c]" name="Amazon_Login_And_Place_Order_TC001" duration-ms="384122" started-at="2020-04-13T16:54:25 IST" finished-at="2020-04-13T17:00:49 IST">
          <reporter-output>
            <line>
              <![CDATA[<br>App launched</br><br><a href='D:\workspace\Amazon-MobileTesting\reports\images\872959614.jpg'> <img src='D:\workspace\Amazon-MobileTesting\reports\images\872959614.jpg' height='300' width='200'/> </a><br>]]>
            </line>
            <line>
              <![CDATA[<br>Login Page displayed</br><br><a href='D:\workspace\Amazon-MobileTesting\reports\images\80124346.jpg'> <img src='D:\workspace\Amazon-MobileTesting\reports\images\80124346.jpg' height='300' width='200'/> </a><br>]]>
            </line>
            <line>
              <![CDATA[<br>Logged in successfully</br><br><a href='D:\workspace\Amazon-MobileTesting\reports\images\719654931.jpg'> <img src='D:\workspace\Amazon-MobileTesting\reports\images\719654931.jpg' height='300' width='200'/> </a><br>]]>
            </line>
            <line>
              <![CDATA[<br>Cart items deleted</br><br><a href='D:\workspace\Amazon-MobileTesting\reports\images\433344686.jpg'> <img src='D:\workspace\Amazon-MobileTesting\reports\images\433344686.jpg' height='300' width='200'/> </a><br>]]>
            </line>
            <line>
              <![CDATA[<br>Product searched</br><br><a href='D:\workspace\Amazon-MobileTesting\reports\images\234233035.jpg'> <img src='D:\workspace\Amazon-MobileTesting\reports\images\234233035.jpg' height='300' width='200'/> </a><br>]]>
            </line>
            <line>
              <![CDATA[<br>Product Name search page :Women's Horlicks Health and Nutrition drink - 400g Pet Jar (Chocolate flavor)</br>]]>
            </line>
            <line>
              <![CDATA[<br>Product Price search page :₹295</br>]]>
            </line>
            <line>
              <![CDATA[<br>Product details page displayed</br><br><a href='D:\workspace\Amazon-MobileTesting\reports\images\103059010.jpg'> <img src='D:\workspace\Amazon-MobileTesting\reports\images\103059010.jpg' height='300' width='200'/> </a><br>]]>
            </line>
            <line>
              <![CDATA[<br>Product name PDP page : Women's Horlicks Health and Nutrition drink - 400g Pet Jar (Chocolate flavor)</br>]]>
            </line>
            <line>
              <![CDATA[<br>Product price PDP page : ₹295</br>]]>
            </line>
            <line>
              <![CDATA[<br>Product quantity PDP page : 1</br>]]>
            </line>
            <line>
              <![CDATA[<br>Shopping cart page displayed</br><br><a href='D:\workspace\Amazon-MobileTesting\reports\images\727434405.jpg'> <img src='D:\workspace\Amazon-MobileTesting\reports\images\727434405.jpg' height='300' width='200'/> </a><br>]]>
            </line>
            <line>
              <![CDATA[<br>Product name shopping cart : Women's Horlicks Health and Nutrition drink - 400g Pet Jar (Choc...</br>]]>
            </line>
            <line>
              <![CDATA[<br>Product price shopping cart : ₹295</br>]]>
            </line>
            <line>
              <![CDATA[<br>Product quantity shopping cart : 1</br>]]>
            </line>
            <line>
              <![CDATA[<br>Checkout page displayed</br><br><a href='D:\workspace\Amazon-MobileTesting\reports\images\48620138.jpg'> <img src='D:\workspace\Amazon-MobileTesting\reports\images\48620138.jpg' height='300' width='200'/> </a><br>]]>
            </line>
            <line>
              <![CDATA[<br>Product name checkout page : Women's Horlicks Health and Nutrition drink - 400g Pet Jar (Chocolate flavor)</br>]]>
            </line>
            <line>
              <![CDATA[<br>Product price checkout page : ₹295</br>]]>
            </line>
            <line>
              <![CDATA[<br>Product quantity checkout page : 1</br>]]>
            </line>
          </reporter-output>
        </test-method> <!-- Amazon_Login_And_Place_Order_TC001 -->
        <test-method status="PASS" signature="afterMethod(org.testng.ITestResult)[pri:0, instance:testcases.AmazonAndroid@93fb0a2c]" name="afterMethod" is-config="true" duration-ms="4" started-at="2020-04-13T17:00:49 IST" finished-at="2020-04-13T17:00:49 IST">
          <params>
            <param index="0">
              <value>
                <![CDATA[[TestResult name=Amazon_Login_And_Place_Order_TC001 status=SUCCESS method=AmazonAndroid.Amazon_Login_And_Place_Order_TC001()[pri:1, instance:testcases.AmazonAndroid@93fb0a2c] output=<br>App launched</br><br><a href='D:\workspace\Amazon-MobileTesting\reports\images\872959614.jpg'> <img src='D:\workspace\Amazon-MobileTesting\reports\images\872959614.jpg' height='300' width='200'/> </a><br>]]]>
              </value>
            </param>
          </params>
          <reporter-output>
          </reporter-output>
        </test-method> <!-- afterMethod -->
        <test-method status="PASS" signature="afterSuite()[pri:0, instance:testcases.AmazonAndroid@93fb0a2c]" name="afterSuite" is-config="true" duration-ms="1333" started-at="2020-04-13T17:00:49 IST" finished-at="2020-04-13T17:00:50 IST">
          <reporter-output>
          </reporter-output>
        </test-method> <!-- afterSuite -->
      </class> <!-- testcases.AmazonAndroid -->
    </test> <!-- Android Test 1 -->
  </suite> <!-- Suite -->
</testng-results>
